<html>
<head>
<title>TestNG:  Walmart Website Test Cases</title>
<link href="../testng.css" rel="stylesheet" type="text/css" />
<link href="../my-testng.css" rel="stylesheet" type="text/css" />

<style type="text/css">
.log { display: none;} 
.stack-trace { display: none;} 
</style>
<script type="text/javascript">
<!--
function flip(e) {
  current = e.style.display;
  if (current == 'block') {
    e.style.display = 'none';
    return 0;
  }
  else {
    e.style.display = 'block';
    return 1;
  }
}

function toggleBox(szDivId, elem, msg1, msg2)
{
  var res = -1;  if (document.getElementById) {
    res = flip(document.getElementById(szDivId));
  }
  else if (document.all) {
    // this is the way old msie versions work
    res = flip(document.all[szDivId]);
  }
  if(elem) {
    if(res == 0) elem.innerHTML = msg1; else elem.innerHTML = msg2;
  }

}

function toggleAllBoxes() {
  if (document.getElementsByTagName) {
    d = document.getElementsByTagName('div');
    for (i = 0; i < d.length; i++) {
      if (d[i].className == 'log') {
        flip(d[i]);
      }
    }
  }
}

// -->
</script>

</head>
<body>
<h2 align='center'>Walmart Website Test Cases</h2><table border='1' align="center">
<tr>
<td>Tests passed/Failed/Skipped:</td><td>16/2/0</td>
</tr><tr>
<td>Started on:</td><td>Tue May 18 13:45:05 EDT 2021</td>
</tr>
<tr><td>Total time:</td><td>406 seconds (406031 ms)</td>
</tr><tr>
<td>Included groups:</td><td></td>
</tr><tr>
<td>Excluded groups:</td><td></td>
</tr>
</table><p/>
<small><i>(Hover the method name to see the test class name)</i></small><p/>
<table width='100%' border='1' class='invocation-failed'>
<tr><td colspan='4' align='center'><b>FAILED TESTS</b></td></tr>
<tr><td><b>Test method</b></td>
<td width="30%"><b>Exception</b></td>
<td width="10%"><b>Time (seconds)</b></td>
<td><b>Instance</b></td>
</tr>
<tr>
<td title='WalmartTest_Testcases.FlyerpageTest.selectflyertypetest()'><b>selectflyertypetest</b><br>Test class: WalmartTest_Testcases.FlyerpageTest</td>
<td><div><pre>org.openqa.selenium.ElementNotInteractableException: Element &lt;tr class=&quot;flyer_run_651587 clickable &quot;&gt; could not be scrolled into view
Build info: version: &apos;3.141.59&apos;, revision: &apos;e82be7d358&apos;, time: &apos;2018-11-14T08:17:03&apos;
System info: host: &apos;DESKTOP-RL0VKOI&apos;, ip: &apos;192.168.179.1&apos;, os.name: &apos;Windows 10&apos;, os.arch: &apos;amd64&apos;, os.version: &apos;10.0&apos;, java.version: &apos;15&apos;
Driver info: org.openqa.selenium.firefox.FirefoxDriver
Capabilities {acceptInsecureCerts: true, browserName: firefox, browserVersion: 88.0.1, javascriptEnabled: true, moz:accessibilityChecks: false, moz:buildID: 20210504152106, moz:geckodriverVersion: 0.26.0, moz:headless: false, moz:processID: 1918548, moz:profile: C:\Users\User\AppData\Local..., moz:shutdownTimeout: 60000, moz:useNonSpecCompliantPointerOrigin: false, moz:webdriverClick: true, pageLoadStrategy: normal, platform: WINDOWS, platformName: WINDOWS, platformVersion: 10.0, rotatable: false, setWindowRect: true, strictFileInteractability: false, timeouts: {implicit: 0, pageLoad: 300000, script: 30000}, unhandledPromptBehavior: dismiss and notify}
Session ID: a28e935c-555c-44a3-b34a-16d84f9cc201
	at org.openqa.selenium.remote.http.W3CHttpResponseCodec.createException(W3CHttpResponseCodec.java:187)
	at org.openqa.selenium.remote.http.W3CHttpResponseCodec.decode(W3CHttpResponseCodec.java:122)
	at org.openqa.selenium.remote.http.W3CHttpResponseCodec.decode(W3CHttpResponseCodec.java:49)
	at org.openqa.selenium.remote.HttpCommandExecutor.execute(HttpCommandExecutor.java:158)
	at org.openqa.selenium.remote.service.DriverCommandExecutor.execute(DriverCommandExecutor.java:83)
	at org.openqa.selenium.remote.RemoteWebDriver.execute(RemoteWebDriver.java:552)
	at org.openqa.selenium.remote.RemoteWebElement.execute(RemoteWebElement.java:285)
	at org.openqa.selenium.remote.RemoteWebElement.click(RemoteWebElement.java:84)
	at org.openqa.selenium.support.events.EventFiringWebDriver$EventFiringWebElement.lambda$new$0(EventFiringWebDriver.java:404)
	at com.sun.proxy.$Proxy16.click(Unknown Source)
	at org.openqa.selenium.support.events.EventFiringWebDriver$EventFiringWebElement.click(EventFiringWebDriver.java:417)
	at org.openqa.selenium.support.pagefactory.internal.LocatingElementHandler.invoke(LocatingElementHandler.java:51)
	at com.sun.proxy.$Proxy15.click(Unknown Source)
	at WalmartTest_Pages.Flyerpage.selectflyertype(Flyerpage.java:73)
	at WalmartTest_Testcases.FlyerpageTest.selectflyertypetest(FlyerpageTest.java:63)
... Removed 36 stack frames</pre></div><a href='#' onClick='toggleBox("stack-trace2069678360", this, "Click to show all stack frames", "Click to hide stack frames")'>Click to show all stack frames</a>
<div class='stack-trace' id='stack-trace2069678360'><pre>org.openqa.selenium.ElementNotInteractableException: Element &lt;tr class=&quot;flyer_run_651587 clickable &quot;&gt; could not be scrolled into view
Build info: version: &apos;3.141.59&apos;, revision: &apos;e82be7d358&apos;, time: &apos;2018-11-14T08:17:03&apos;
System info: host: &apos;DESKTOP-RL0VKOI&apos;, ip: &apos;192.168.179.1&apos;, os.name: &apos;Windows 10&apos;, os.arch: &apos;amd64&apos;, os.version: &apos;10.0&apos;, java.version: &apos;15&apos;
Driver info: org.openqa.selenium.firefox.FirefoxDriver
Capabilities {acceptInsecureCerts: true, browserName: firefox, browserVersion: 88.0.1, javascriptEnabled: true, moz:accessibilityChecks: false, moz:buildID: 20210504152106, moz:geckodriverVersion: 0.26.0, moz:headless: false, moz:processID: 1918548, moz:profile: C:\Users\User\AppData\Local..., moz:shutdownTimeout: 60000, moz:useNonSpecCompliantPointerOrigin: false, moz:webdriverClick: true, pageLoadStrategy: normal, platform: WINDOWS, platformName: WINDOWS, platformVersion: 10.0, rotatable: false, setWindowRect: true, strictFileInteractability: false, timeouts: {implicit: 0, pageLoad: 300000, script: 30000}, unhandledPromptBehavior: dismiss and notify}
Session ID: a28e935c-555c-44a3-b34a-16d84f9cc201
	at java.base/jdk.internal.reflect.NativeConstructorAccessorImpl.newInstance0(Native Method)
	at java.base/jdk.internal.reflect.NativeConstructorAccessorImpl.newInstance(NativeConstructorAccessorImpl.java:64)
	at java.base/jdk.internal.reflect.DelegatingConstructorAccessorImpl.newInstance(DelegatingConstructorAccessorImpl.java:45)
	at java.base/java.lang.reflect.Constructor.newInstanceWithCaller(Constructor.java:500)
	at java.base/java.lang.reflect.Constructor.newInstance(Constructor.java:481)
	at org.openqa.selenium.remote.http.W3CHttpResponseCodec.createException(W3CHttpResponseCodec.java:187)
	at org.openqa.selenium.remote.http.W3CHttpResponseCodec.decode(W3CHttpResponseCodec.java:122)
	at org.openqa.selenium.remote.http.W3CHttpResponseCodec.decode(W3CHttpResponseCodec.java:49)
	at org.openqa.selenium.remote.HttpCommandExecutor.execute(HttpCommandExecutor.java:158)
	at org.openqa.selenium.remote.service.DriverCommandExecutor.execute(DriverCommandExecutor.java:83)
	at org.openqa.selenium.remote.RemoteWebDriver.execute(RemoteWebDriver.java:552)
	at org.openqa.selenium.remote.RemoteWebElement.execute(RemoteWebElement.java:285)
	at org.openqa.selenium.remote.RemoteWebElement.click(RemoteWebElement.java:84)
	at jdk.internal.reflect.GeneratedMethodAccessor2.invoke(Unknown Source)
	at java.base/jdk.internal.reflect.DelegatingMethodAccessorImpl.invoke(DelegatingMethodAccessorImpl.java:43)
	at java.base/java.lang.reflect.Method.invoke(Method.java:564)
	at org.openqa.selenium.support.events.EventFiringWebDriver$EventFiringWebElement.lambda$new$0(EventFiringWebDriver.java:404)
	at com.sun.proxy.$Proxy16.click(Unknown Source)
	at org.openqa.selenium.support.events.EventFiringWebDriver$EventFiringWebElement.click(EventFiringWebDriver.java:417)
	at jdk.internal.reflect.GeneratedMethodAccessor2.invoke(Unknown Source)
	at java.base/jdk.internal.reflect.DelegatingMethodAccessorImpl.invoke(DelegatingMethodAccessorImpl.java:43)
	at java.base/java.lang.reflect.Method.invoke(Method.java:564)
	at org.openqa.selenium.support.pagefactory.internal.LocatingElementHandler.invoke(LocatingElementHandler.java:51)
	at com.sun.proxy.$Proxy15.click(Unknown Source)
	at WalmartTest_Pages.Flyerpage.selectflyertype(Flyerpage.java:73)
	at WalmartTest_Testcases.FlyerpageTest.selectflyertypetest(FlyerpageTest.java:63)
	at java.base/jdk.internal.reflect.NativeMethodAccessorImpl.invoke0(Native Method)
	at java.base/jdk.internal.reflect.NativeMethodAccessorImpl.invoke(NativeMethodAccessorImpl.java:64)
	at java.base/jdk.internal.reflect.DelegatingMethodAccessorImpl.invoke(DelegatingMethodAccessorImpl.java:43)
	at java.base/java.lang.reflect.Method.invoke(Method.java:564)
	at org.testng.internal.MethodInvocationHelper.invokeMethod(MethodInvocationHelper.java:124)
	at org.testng.internal.Invoker.invokeMethod(Invoker.java:583)
	at org.testng.internal.Invoker.invokeTestMethod(Invoker.java:719)
	at org.testng.internal.Invoker.invokeTestMethods(Invoker.java:989)
	at org.testng.internal.TestMethodWorker.invokeTestMethods(TestMethodWorker.java:125)
	at org.testng.internal.TestMethodWorker.run(TestMethodWorker.java:109)
	at org.testng.TestRunner.privateRun(TestRunner.java:648)
	at org.testng.TestRunner.run(TestRunner.java:505)
	at org.testng.SuiteRunner.runTest(SuiteRunner.java:455)
	at org.testng.SuiteRunner.runSequentially(SuiteRunner.java:450)
	at org.testng.SuiteRunner.privateRun(SuiteRunner.java:415)
	at org.testng.SuiteRunner.run(SuiteRunner.java:364)
	at org.testng.SuiteRunnerWorker.runSuite(SuiteRunnerWorker.java:52)
	at org.testng.SuiteRunnerWorker.run(SuiteRunnerWorker.java:84)
	at org.testng.TestNG.runSuitesSequentially(TestNG.java:1208)
	at org.testng.TestNG.runSuitesLocally(TestNG.java:1137)
	at org.testng.TestNG.runSuites(TestNG.java:1049)
	at org.testng.TestNG.run(TestNG.java:1017)
	at org.testng.remote.AbstractRemoteTestNG.run(AbstractRemoteTestNG.java:115)
	at org.testng.remote.RemoteTestNG.initAndRun(RemoteTestNG.java:251)
	at org.testng.remote.RemoteTestNG.main(RemoteTestNG.java:77)
</pre></div></td>
<td>20</td>
<td>WalmartTest_Testcases.FlyerpageTest@45b9a632</td></tr>
<tr>
<td title='WalmartTest_Testcases.ShoppingCartpageTest.verifycartpagetest()'><b>verifycartpagetest</b><br>Test class: WalmartTest_Testcases.ShoppingCartpageTest</td>
<td><div><pre>java.lang.AssertionError: expected [Online Shopping Canada: Everyday Low Prices at Walmart.ca!] but found [Walmart Canada]
	at WalmartTest_Testcases.ShoppingCartpageTest.verifycartpagetest(ShoppingCartpageTest.java:37)
... Removed 31 stack frames</pre></div><a href='#' onClick='toggleBox("stack-trace1928312257", this, "Click to show all stack frames", "Click to hide stack frames")'>Click to show all stack frames</a>
<div class='stack-trace' id='stack-trace1928312257'><pre>java.lang.AssertionError: expected [Online Shopping Canada: Everyday Low Prices at Walmart.ca!] but found [Walmart Canada]
	at org.testng.Assert.fail(Assert.java:96)
	at org.testng.Assert.failNotEquals(Assert.java:776)
	at org.testng.Assert.assertEqualsImpl(Assert.java:137)
	at org.testng.Assert.assertEquals(Assert.java:118)
	at org.testng.Assert.assertEquals(Assert.java:453)
	at org.testng.Assert.assertEquals(Assert.java:463)
	at WalmartTest_Testcases.ShoppingCartpageTest.verifycartpagetest(ShoppingCartpageTest.java:37)
	at java.base/jdk.internal.reflect.NativeMethodAccessorImpl.invoke0(Native Method)
	at java.base/jdk.internal.reflect.NativeMethodAccessorImpl.invoke(NativeMethodAccessorImpl.java:64)
	at java.base/jdk.internal.reflect.DelegatingMethodAccessorImpl.invoke(DelegatingMethodAccessorImpl.java:43)
	at java.base/java.lang.reflect.Method.invoke(Method.java:564)
	at org.testng.internal.MethodInvocationHelper.invokeMethod(MethodInvocationHelper.java:124)
	at org.testng.internal.Invoker.invokeMethod(Invoker.java:583)
	at org.testng.internal.Invoker.invokeTestMethod(Invoker.java:719)
	at org.testng.internal.Invoker.invokeTestMethods(Invoker.java:989)
	at org.testng.internal.TestMethodWorker.invokeTestMethods(TestMethodWorker.java:125)
	at org.testng.internal.TestMethodWorker.run(TestMethodWorker.java:109)
	at org.testng.TestRunner.privateRun(TestRunner.java:648)
	at org.testng.TestRunner.run(TestRunner.java:505)
	at org.testng.SuiteRunner.runTest(SuiteRunner.java:455)
	at org.testng.SuiteRunner.runSequentially(SuiteRunner.java:450)
	at org.testng.SuiteRunner.privateRun(SuiteRunner.java:415)
	at org.testng.SuiteRunner.run(SuiteRunner.java:364)
	at org.testng.SuiteRunnerWorker.runSuite(SuiteRunnerWorker.java:52)
	at org.testng.SuiteRunnerWorker.run(SuiteRunnerWorker.java:84)
	at org.testng.TestNG.runSuitesSequentially(TestNG.java:1208)
	at org.testng.TestNG.runSuitesLocally(TestNG.java:1137)
	at org.testng.TestNG.runSuites(TestNG.java:1049)
	at org.testng.TestNG.run(TestNG.java:1017)
	at org.testng.remote.AbstractRemoteTestNG.run(AbstractRemoteTestNG.java:115)
	at org.testng.remote.RemoteTestNG.initAndRun(RemoteTestNG.java:251)
	at org.testng.remote.RemoteTestNG.main(RemoteTestNG.java:77)
</pre></div></td>
<td>0</td>
<td>WalmartTest_Testcases.ShoppingCartpageTest@309e345f</td></tr>
</table><p>
<table width='100%' border='1' class='invocation-passed'>
<tr><td colspan='4' align='center'><b>PASSED TESTS</b></td></tr>
<tr><td><b>Test method</b></td>
<td width="30%"><b>Exception</b></td>
<td width="10%"><b>Time (seconds)</b></td>
<td><b>Instance</b></td>
</tr>
<tr>
<td title='WalmartTest_Testcases.DealspageTest.enteremailtest()'><b>enteremailtest</b><br>Test class: WalmartTest_Testcases.DealspageTest</td>
<td></td>
<td>1</td>
<td>WalmartTest_Testcases.DealspageTest@18ce0030</td></tr>
<tr>
<td title='WalmartTest_Testcases.MyAccountpageTest.getbannertexttest()'><b>getbannertexttest</b><br>Test class: WalmartTest_Testcases.MyAccountpageTest</td>
<td></td>
<td>0</td>
<td>WalmartTest_Testcases.MyAccountpageTest@4445629</td></tr>
<tr>
<td title='WalmartTest_Testcases.DealspageTest.gethdealstexttest()'><b>gethdealstexttest</b><br>Test class: WalmartTest_Testcases.DealspageTest</td>
<td></td>
<td>0</td>
<td>WalmartTest_Testcases.DealspageTest@18ce0030</td></tr>
<tr>
<td title='WalmartTest_Testcases.DealspageTest.gettitletest()'><b>gettitletest</b><br>Test class: WalmartTest_Testcases.DealspageTest</td>
<td></td>
<td>0</td>
<td>WalmartTest_Testcases.DealspageTest@18ce0030</td></tr>
<tr>
<td title='WalmartTest_Testcases.LoginpageTest.loginpagetitletest()'><b>loginpagetitletest</b><br>Test class: WalmartTest_Testcases.LoginpageTest</td>
<td></td>
<td>0</td>
<td>WalmartTest_Testcases.LoginpageTest@33afa13b</td></tr>
<tr>
<td title='WalmartTest_Testcases.HomepageTest.openflyerpage()'><b>openflyerpage</b><br>Test class: WalmartTest_Testcases.HomepageTest</td>
<td></td>
<td>6</td>
<td>WalmartTest_Testcases.HomepageTest@47542153</td></tr>
<tr>
<td title='WalmartTest_Testcases.ShoppingCartpageTest.screenshottest()'><b>screenshottest</b><br>Test class: WalmartTest_Testcases.ShoppingCartpageTest</td>
<td></td>
<td>0</td>
<td>WalmartTest_Testcases.ShoppingCartpageTest@309e345f</td></tr>
<tr>
<td title='WalmartTest_Testcases.DealspageTest.validateapplianceslinktest()'><b>validateapplianceslinktest</b><br>Test class: WalmartTest_Testcases.DealspageTest</td>
<td></td>
<td>0</td>
<td>WalmartTest_Testcases.DealspageTest@18ce0030</td></tr>
<tr>
<td title='WalmartTest_Testcases.CreateAccountpageTest.validatecreateaccount()'><b>validatecreateaccount</b><br>Test class: WalmartTest_Testcases.CreateAccountpageTest<br>Parameters: Grace, Thomson, gosain.niyati09@gmail.com, caricature10</td>
<td></td>
<td>4</td>
<td>WalmartTest_Testcases.CreateAccountpageTest@56a6d5a6</td></tr>
<tr>
<td title='WalmartTest_Testcases.CreateAccountpageTest.validatecreateaccount()'><b>validatecreateaccount</b><br>Test class: WalmartTest_Testcases.CreateAccountpageTest<br>Parameters: Jake, Mathew, ggraphix26@mail.com, rajatgusain</td>
<td></td>
<td>5</td>
<td>WalmartTest_Testcases.CreateAccountpageTest@56a6d5a6</td></tr>
<tr>
<td title='WalmartTest_Testcases.CreateAccountpageTest.validatecreateaccount()'><b>validatecreateaccount</b><br>Test class: WalmartTest_Testcases.CreateAccountpageTest<br>Parameters: sarah , smith, sunnyroad100@gmail.com, sarah_smith10</td>
<td></td>
<td>4</td>
<td>WalmartTest_Testcases.CreateAccountpageTest@56a6d5a6</td></tr>
<tr>
<td title='WalmartTest_Testcases.MyAccountpageTest.validatelogotest()'><b>validatelogotest</b><br>Test class: WalmartTest_Testcases.MyAccountpageTest</td>
<td></td>
<td>0</td>
<td>WalmartTest_Testcases.MyAccountpageTest@4445629</td></tr>
<tr>
<td title='WalmartTest_Testcases.MyAccountpageTest.validatequicklinktest()'><b>validatequicklinktest</b><br>Test class: WalmartTest_Testcases.MyAccountpageTest</td>
<td></td>
<td>0</td>
<td>WalmartTest_Testcases.MyAccountpageTest@4445629</td></tr>
<tr>
<td title='WalmartTest_Testcases.DealspageTest.validatetoyslinktest()'><b>validatetoyslinktest</b><br>Test class: WalmartTest_Testcases.DealspageTest</td>
<td></td>
<td>0</td>
<td>WalmartTest_Testcases.DealspageTest@18ce0030</td></tr>
<tr>
<td title='WalmartTest_Testcases.ShoppingCartpageTest.verifylogotest()'><b>verifylogotest</b><br>Test class: WalmartTest_Testcases.ShoppingCartpageTest</td>
<td></td>
<td>1</td>
<td>WalmartTest_Testcases.ShoppingCartpageTest@309e345f</td></tr>
<tr>
<td title='WalmartTest_Testcases.MyAccountpageTest.verifyshoppingbtn()'><b>verifyshoppingbtn</b><br>Test class: WalmartTest_Testcases.MyAccountpageTest</td>
<td></td>
<td>0</td>
<td>WalmartTest_Testcases.MyAccountpageTest@4445629</td></tr>
</table><p>
</body>
</html>