<?xml version="1.0" encoding="UTF-8"?>
<!-- Generated by org.testng.reporters.JUnitXMLReporter -->
<testsuite ignored="6" hostname="DESKTOP-RL0VKOI" failures="2" tests="18" name="Walmart Website Test Cases" time="406.031" errors="0" timestamp="18 May 2021 17:51:51 GMT">
  <testcase classname="WalmartTest_Testcases.HomepageTest" name="openflyerpage" time="6.228"/>
  <testcase classname="WalmartTest_Testcases.ShoppingCartpageTest" name="screenshottest" time="0.181"/>
  <testcase classname="WalmartTest_Testcases.ShoppingCartpageTest" name="verifycartpagetest" time="0.01">
    <failure type="java.lang.AssertionError" message="expected [Online Shopping Canada: Everyday Low Prices at Walmart.ca!] but found [Walmart Canada]">
      <![CDATA[java.lang.AssertionError: expected [Online Shopping Canada: Everyday Low Prices at Walmart.ca!] but found [Walmart Canada]
at WalmartTest_Testcases.ShoppingCartpageTest.verifycartpagetest(ShoppingCartpageTest.java:37)
... Removed 31 stack frames]]>
    </failure>
  </testcase> <!-- verifycartpagetest -->
  <testcase classname="WalmartTest_Testcases.ShoppingCartpageTest" name="verifylogotest" time="1.399"/>
  <testcase classname="WalmartTest_Testcases.CreateAccountpageTest" name="validatecreateaccount" time="4.372"/>
  <testcase classname="WalmartTest_Testcases.CreateAccountpageTest" name="validatecreateaccount" time="5.347"/>
  <testcase classname="WalmartTest_Testcases.CreateAccountpageTest" name="validatecreateaccount" time="4.329"/>
  <testcase classname="WalmartTest_Testcases.DealspageTest" name="enteremailtest" time="1.347"/>
  <testcase classname="WalmartTest_Testcases.DealspageTest" name="gethdealstexttest" time="0.069"/>
  <testcase classname="WalmartTest_Testcases.DealspageTest" name="gettitletest" time="0.01"/>
  <testcase classname="WalmartTest_Testcases.DealspageTest" name="validateapplianceslinktest" time="0.035"/>
  <testcase classname="WalmartTest_Testcases.DealspageTest" name="validatetoyslinktest" time="0.85"/>
  <testcase classname="WalmartTest_Testcases.MyAccountpageTest" name="getbannertexttest" time="0.038"/>
  <testcase classname="WalmartTest_Testcases.MyAccountpageTest" name="validatelogotest" time="0.111"/>
  <testcase classname="WalmartTest_Testcases.MyAccountpageTest" name="validatequicklinktest" time="0.055"/>
  <testcase classname="WalmartTest_Testcases.MyAccountpageTest" name="verifyshoppingbtn" time="0.067"/>
  <testcase classname="WalmartTest_Testcases.FlyerpageTest" name="selectflyertypetest" time="20.759">
    <failure type="org.openqa.selenium.ElementNotInteractableException" message="Element &amp;lt;tr class=&amp;quot;flyer_run_651587 clickable &amp;quot;&amp;gt; could not be scrolled into view
Build info: version: &amp;apos;3.141.59&amp;apos;, revision: &amp;apos;e82be7d358&amp;apos;, time: &amp;apos;2018-11-14T08:17:03&amp;apos;
System info: host: &amp;apos;DESKTOP-RL0VKOI&amp;apos;, ip: &amp;apos;192.168.179.1&amp;apos;, os.name: &amp;apos;Windows 10&amp;apos;, os.arch: &amp;apos;amd64&amp;apos;, os.version: &amp;apos;10.0&amp;apos;, java.version: &amp;apos;15&amp;apos;
Driver info: org.openqa.selenium.firefox.FirefoxDriver
Capabilities {acceptInsecureCerts: true, browserName: firefox, browserVersion: 88.0.1, javascriptEnabled: true, moz:accessibilityChecks: false, moz:buildID: 20210504152106, moz:geckodriverVersion: 0.26.0, moz:headless: false, moz:processID: 1918548, moz:profile: C:\Users\User\AppData\Local..., moz:shutdownTimeout: 60000, moz:useNonSpecCompliantPointerOrigin: false, moz:webdriverClick: true, pageLoadStrategy: normal, platform: WINDOWS, platformName: WINDOWS, platformVersion: 10.0, rotatable: false, setWindowRect: true, strictFileInteractability: false, timeouts: {implicit: 0, pageLoad: 300000, script: 30000}, unhandledPromptBehavior: dismiss and notify}
Session ID: a28e935c-555c-44a3-b34a-16d84f9cc201">
      <![CDATA[org.openqa.selenium.ElementNotInteractableException: Element <tr class="flyer_run_651587 clickable "> could not be scrolled into view
Build info: version: '3.141.59', revision: 'e82be7d358', time: '2018-11-14T08:17:03'
System info: host: 'DESKTOP-RL0VKOI', ip: '192.168.179.1', os.name: 'Windows 10', os.arch: 'amd64', os.version: '10.0', java.version: '15'
Driver info: org.openqa.selenium.firefox.FirefoxDriver
Capabilities {acceptInsecureCerts: true, browserName: firefox, browserVersion: 88.0.1, javascriptEnabled: true, moz:accessibilityChecks: false, moz:buildID: 20210504152106, moz:geckodriverVersion: 0.26.0, moz:headless: false, moz:processID: 1918548, moz:profile: C:\Users\User\AppData\Local..., moz:shutdownTimeout: 60000, moz:useNonSpecCompliantPointerOrigin: false, moz:webdriverClick: true, pageLoadStrategy: normal, platform: WINDOWS, platformName: WINDOWS, platformVersion: 10.0, rotatable: false, setWindowRect: true, strictFileInteractability: false, timeouts: {implicit: 0, pageLoad: 300000, script: 30000}, unhandledPromptBehavior: dismiss and notify}
Session ID: a28e935c-555c-44a3-b34a-16d84f9cc201
at org.openqa.selenium.remote.http.W3CHttpResponseCodec.createException(W3CHttpResponseCodec.java:187)
at org.openqa.selenium.remote.http.W3CHttpResponseCodec.decode(W3CHttpResponseCodec.java:122)
at org.openqa.selenium.remote.http.W3CHttpResponseCodec.decode(W3CHttpResponseCodec.java:49)
at org.openqa.selenium.remote.HttpCommandExecutor.execute(HttpCommandExecutor.java:158)
at org.openqa.selenium.remote.service.DriverCommandExecutor.execute(DriverCommandExecutor.java:83)
at org.openqa.selenium.remote.RemoteWebDriver.execute(RemoteWebDriver.java:552)
at org.openqa.selenium.remote.RemoteWebElement.execute(RemoteWebElement.java:285)
at org.openqa.selenium.remote.RemoteWebElement.click(RemoteWebElement.java:84)
at org.openqa.selenium.support.events.EventFiringWebDriver$EventFiringWebElement.lambda$new$0(EventFiringWebDriver.java:404)
at com.sun.proxy.$Proxy16.click(Unknown Source)
at org.openqa.selenium.support.events.EventFiringWebDriver$EventFiringWebElement.click(EventFiringWebDriver.java:417)
at org.openqa.selenium.support.pagefactory.internal.LocatingElementHandler.invoke(LocatingElementHandler.java:51)
at com.sun.proxy.$Proxy15.click(Unknown Source)
at WalmartTest_Pages.Flyerpage.selectflyertype(Flyerpage.java:73)
at WalmartTest_Testcases.FlyerpageTest.selectflyertypetest(FlyerpageTest.java:63)
... Removed 36 stack frames]]>
    </failure>
  </testcase> <!-- selectflyertypetest -->
  <testcase classname="WalmartTest_Testcases.LoginpageTest" name="loginpagetitletest" time="0.003"/>
  <testcase classname="WalmartTest_Testcases.FlyerpageTest" name="openflyertest" time="0.0">
    <ignored/>
  </testcase> <!-- openflyertest -->
  <testcase classname="WalmartTest_Testcases.FlyerpageTest" name="flyerpagetitletest" time="0.0">
    <ignored/>
  </testcase> <!-- flyerpagetitletest -->
  <testcase classname="WalmartTest_Testcases.FlyerpageTest" name="validateflyert" time="0.0">
    <ignored/>
  </testcase> <!-- validateflyert -->
  <testcase classname="WalmartTest_Testcases.FlyerpageTest" name="selectringpooltest" time="0.0">
    <ignored/>
  </testcase> <!-- selectringpooltest -->
  <testcase classname="WalmartTest_Testcases.FlyerpageTest" name="shoppinglisttest" time="0.0">
    <ignored/>
  </testcase> <!-- shoppinglisttest -->
  <testcase classname="WalmartTest_Testcases.FlyerpageTest" name="validatepdfbtntest" time="0.0">
    <ignored/>
  </testcase> <!-- validatepdfbtntest -->
</testsuite> <!-- Walmart Website Test Cases -->
