<!DOCTYPE html PUBLIC "-//W3C//DTD XHTML 1.1//EN" "http://www.w3.org/TR/xhtml11/DTD/xhtml11.dtd">
<html xmlns="http://www.w3.org/1999/xhtml">
<head>
<meta http-equiv="content-type" content="text/html; charset=UTF-8"/>
<title>TestNG Report</title>
<style type="text/css">table {margin-bottom:10px;border-collapse:collapse;empty-cells:show}th,td {border:1px solid #009;padding:.25em .5em}th {vertical-align:bottom}td {vertical-align:top}table a {font-weight:bold}.stripe td {background-color: #E6EBF9}.num {text-align:right}.passedodd td {background-color: #3F3}.passedeven td {background-color: #0A0}.skippedodd td {background-color: #DDD}.skippedeven td {background-color: #CCC}.failedodd td,.attn {background-color: #F33}.failedeven td,.stripe .attn {background-color: #D00}.stacktrace {white-space:pre;font-family:monospace}.totop {font-size:85%;text-align:center;border-bottom:2px solid #000}.invisible {display:none}</style>
</head>
<body>
<table>
<tr><th>Test</th><th># Passed</th><th># Skipped</th><th># Failed</th><th>Time (ms)</th><th>Included Groups</th><th>Excluded Groups</th></tr>
<tr><th colspan="7">Walmart ecommerce Website Test Suite</th></tr>
<tr><td><a href="#t0">Walmart Website Test Cases</a></td><td class="num">16</td><td class="num">0</td><td class="num attn">2</td><td class="num">406,031</td><td></td><td></td></tr>
</table>
<table id='summary'><thead><tr><th>Class</th><th>Method</th><th>Start</th><th>Time (ms)</th></tr></thead><tbody><tr><th colspan="4">Walmart ecommerce Website Test Suite</th></tr></tbody><tbody id="t0"><tr><th colspan="4">Walmart Website Test Cases &#8212; failed</th></tr><tr class="failedeven"><td rowspan="1">WalmartTest_Testcases.FlyerpageTest</td><td><a href="#m0">selectflyertypetest</a></td><td rowspan="1">1621360268100</td><td rowspan="1">20759</td></tr><tr class="failedodd"><td rowspan="1">WalmartTest_Testcases.ShoppingCartpageTest</td><td><a href="#m1">verifycartpagetest</a></td><td rowspan="1">1621359956838</td><td rowspan="1">10</td></tr><tr><th colspan="4">Walmart Website Test Cases &#8212; passed</th></tr><tr class="passedeven"><td rowspan="3">WalmartTest_Testcases.CreateAccountpageTest</td><td><a href="#m2">validatecreateaccount</a></td><td rowspan="3">1621360028485</td><td rowspan="3">4329</td></tr><tr class="passedeven"><td><a href="#m3">validatecreateaccount</a></td></tr><tr class="passedeven"><td><a href="#m4">validatecreateaccount</a></td></tr><tr class="passedodd"><td rowspan="5">WalmartTest_Testcases.DealspageTest</td><td><a href="#m5">enteremailtest</a></td><td rowspan="1">1621360050401</td><td rowspan="1">1347</td></tr><tr class="passedodd"><td><a href="#m6">gethdealstexttest</a></td><td rowspan="1">1621360071183</td><td rowspan="1">69</td></tr><tr class="passedodd"><td><a href="#m7">gettitletest</a></td><td rowspan="1">1621360088715</td><td rowspan="1">10</td></tr><tr class="passedodd"><td><a href="#m8">validateapplianceslinktest</a></td><td rowspan="1">1621360106179</td><td rowspan="1">35</td></tr><tr class="passedodd"><td><a href="#m9">validatetoyslinktest</a></td><td rowspan="1">1621360123580</td><td rowspan="1">850</td></tr><tr class="passedeven"><td rowspan="1">WalmartTest_Testcases.HomepageTest</td><td><a href="#m10">openflyerpage</a></td><td rowspan="1">1621359918504</td><td rowspan="1">6228</td></tr><tr class="passedodd"><td rowspan="1">WalmartTest_Testcases.LoginpageTest</td><td><a href="#m11">loginpagetitletest</a></td><td rowspan="1">1621360309036</td><td rowspan="1">3</td></tr><tr class="passedeven"><td rowspan="4">WalmartTest_Testcases.MyAccountpageTest</td><td><a href="#m12">getbannertexttest</a></td><td rowspan="1">1621360157461</td><td rowspan="1">38</td></tr><tr class="passedeven"><td><a href="#m13">validatelogotest</a></td><td rowspan="1">1621360188464</td><td rowspan="1">111</td></tr><tr class="passedeven"><td><a href="#m14">validatequicklinktest</a></td><td rowspan="1">1621360210732</td><td rowspan="1">55</td></tr><tr class="passedeven"><td><a href="#m15">verifyshoppingbtn</a></td><td rowspan="1">1621360235484</td><td rowspan="1">67</td></tr><tr class="passedodd"><td rowspan="2">WalmartTest_Testcases.ShoppingCartpageTest</td><td><a href="#m16">screenshottest</a></td><td rowspan="1">1621359941115</td><td rowspan="1">181</td></tr><tr class="passedodd"><td><a href="#m17">verifylogotest</a></td><td rowspan="1">1621359973697</td><td rowspan="1">1399</td></tr></tbody>
</table>
<h2>Walmart Website Test Cases</h2><h3 id="m0">WalmartTest_Testcases.FlyerpageTest#selectflyertypetest</h3><table class="result"><tr><th>Exception</th></tr><tr><td><div class="stacktrace">org.openqa.selenium.ElementNotInteractableException: Element &lt;tr class=&quot;flyer_run_651587 clickable &quot;&gt; could not be scrolled into view
Build info: version: &apos;3.141.59&apos;, revision: &apos;e82be7d358&apos;, time: &apos;2018-11-14T08:17:03&apos;
System info: host: &apos;DESKTOP-RL0VKOI&apos;, ip: &apos;192.168.179.1&apos;, os.name: &apos;Windows 10&apos;, os.arch: &apos;amd64&apos;, os.version: &apos;10.0&apos;, java.version: &apos;15&apos;
Driver info: org.openqa.selenium.firefox.FirefoxDriver
Capabilities {acceptInsecureCerts: true, browserName: firefox, browserVersion: 88.0.1, javascriptEnabled: true, moz:accessibilityChecks: false, moz:buildID: 20210504152106, moz:geckodriverVersion: 0.26.0, moz:headless: false, moz:processID: 1918548, moz:profile: C:\Users\User\AppData\Local..., moz:shutdownTimeout: 60000, moz:useNonSpecCompliantPointerOrigin: false, moz:webdriverClick: true, pageLoadStrategy: normal, platform: WINDOWS, platformName: WINDOWS, platformVersion: 10.0, rotatable: false, setWindowRect: true, strictFileInteractability: false, timeouts: {implicit: 0, pageLoad: 300000, script: 30000}, unhandledPromptBehavior: dismiss and notify}
Session ID: a28e935c-555c-44a3-b34a-16d84f9cc201
	at org.openqa.selenium.remote.http.W3CHttpResponseCodec.createException(W3CHttpResponseCodec.java:187)
	at org.openqa.selenium.remote.http.W3CHttpResponseCodec.decode(W3CHttpResponseCodec.java:122)
	at org.openqa.selenium.remote.http.W3CHttpResponseCodec.decode(W3CHttpResponseCodec.java:49)
	at org.openqa.selenium.remote.HttpCommandExecutor.execute(HttpCommandExecutor.java:158)
	at org.openqa.selenium.remote.service.DriverCommandExecutor.execute(DriverCommandExecutor.java:83)
	at org.openqa.selenium.remote.RemoteWebDriver.execute(RemoteWebDriver.java:552)
	at org.openqa.selenium.remote.RemoteWebElement.execute(RemoteWebElement.java:285)
	at org.openqa.selenium.remote.RemoteWebElement.click(RemoteWebElement.java:84)
	at org.openqa.selenium.support.events.EventFiringWebDriver$EventFiringWebElement.lambda$new$0(EventFiringWebDriver.java:404)
	at com.sun.proxy.$Proxy16.click(Unknown Source)
	at org.openqa.selenium.support.events.EventFiringWebDriver$EventFiringWebElement.click(EventFiringWebDriver.java:417)
	at org.openqa.selenium.support.pagefactory.internal.LocatingElementHandler.invoke(LocatingElementHandler.java:51)
	at com.sun.proxy.$Proxy15.click(Unknown Source)
	at WalmartTest_Pages.Flyerpage.selectflyertype(Flyerpage.java:73)
	at WalmartTest_Testcases.FlyerpageTest.selectflyertypetest(FlyerpageTest.java:63)
... Removed 36 stack frames</div></td></tr></table><p class="totop"><a href="#summary">back to summary</a></p>
<h3 id="m1">WalmartTest_Testcases.ShoppingCartpageTest#verifycartpagetest</h3><table class="result"><tr><th>Exception</th></tr><tr><td><div class="stacktrace">java.lang.AssertionError: expected [Online Shopping Canada: Everyday Low Prices at Walmart.ca!] but found [Walmart Canada]
	at WalmartTest_Testcases.ShoppingCartpageTest.verifycartpagetest(ShoppingCartpageTest.java:37)
... Removed 31 stack frames</div></td></tr></table><p class="totop"><a href="#summary">back to summary</a></p>
<h3 id="m2">WalmartTest_Testcases.CreateAccountpageTest#validatecreateaccount</h3><table class="result"><tr class="param"><th>Parameter #1</th><th>Parameter #2</th><th>Parameter #3</th><th>Parameter #4</th></tr><tr class="param stripe"><td>sarah </td><td>smith</td><td>sunnyroad100@gmail.com</td><td>sarah_smith10</td></tr></table><p class="totop"><a href="#summary">back to summary</a></p>
<h3 id="m3">WalmartTest_Testcases.CreateAccountpageTest#validatecreateaccount</h3><table class="result"><tr class="param"><th>Parameter #1</th><th>Parameter #2</th><th>Parameter #3</th><th>Parameter #4</th></tr><tr class="param stripe"><td>Grace</td><td>Thomson</td><td>gosain.niyati09@gmail.com</td><td>caricature10</td></tr></table><p class="totop"><a href="#summary">back to summary</a></p>
<h3 id="m4">WalmartTest_Testcases.CreateAccountpageTest#validatecreateaccount</h3><table class="result"><tr class="param"><th>Parameter #1</th><th>Parameter #2</th><th>Parameter #3</th><th>Parameter #4</th></tr><tr class="param stripe"><td>Jake</td><td>Mathew</td><td>ggraphix26@mail.com</td><td>rajatgusain</td></tr></table><p class="totop"><a href="#summary">back to summary</a></p>
<h3 id="m5">WalmartTest_Testcases.DealspageTest#enteremailtest</h3><table class="result"><tr><th class="invisible"/></tr></table><p class="totop"><a href="#summary">back to summary</a></p>
<h3 id="m6">WalmartTest_Testcases.DealspageTest#gethdealstexttest</h3><table class="result"><tr><th class="invisible"/></tr></table><p class="totop"><a href="#summary">back to summary</a></p>
<h3 id="m7">WalmartTest_Testcases.DealspageTest#gettitletest</h3><table class="result"><tr><th class="invisible"/></tr></table><p class="totop"><a href="#summary">back to summary</a></p>
<h3 id="m8">WalmartTest_Testcases.DealspageTest#validateapplianceslinktest</h3><table class="result"><tr><th class="invisible"/></tr></table><p class="totop"><a href="#summary">back to summary</a></p>
<h3 id="m9">WalmartTest_Testcases.DealspageTest#validatetoyslinktest</h3><table class="result"><tr><th class="invisible"/></tr></table><p class="totop"><a href="#summary">back to summary</a></p>
<h3 id="m10">WalmartTest_Testcases.HomepageTest#openflyerpage</h3><table class="result"><tr><th class="invisible"/></tr></table><p class="totop"><a href="#summary">back to summary</a></p>
<h3 id="m11">WalmartTest_Testcases.LoginpageTest#loginpagetitletest</h3><table class="result"><tr><th class="invisible"/></tr></table><p class="totop"><a href="#summary">back to summary</a></p>
<h3 id="m12">WalmartTest_Testcases.MyAccountpageTest#getbannertexttest</h3><table class="result"><tr><th class="invisible"/></tr></table><p class="totop"><a href="#summary">back to summary</a></p>
<h3 id="m13">WalmartTest_Testcases.MyAccountpageTest#validatelogotest</h3><table class="result"><tr><th class="invisible"/></tr></table><p class="totop"><a href="#summary">back to summary</a></p>
<h3 id="m14">WalmartTest_Testcases.MyAccountpageTest#validatequicklinktest</h3><table class="result"><tr><th class="invisible"/></tr></table><p class="totop"><a href="#summary">back to summary</a></p>
<h3 id="m15">WalmartTest_Testcases.MyAccountpageTest#verifyshoppingbtn</h3><table class="result"><tr><th class="invisible"/></tr></table><p class="totop"><a href="#summary">back to summary</a></p>
<h3 id="m16">WalmartTest_Testcases.ShoppingCartpageTest#screenshottest</h3><table class="result"><tr><th class="invisible"/></tr></table><p class="totop"><a href="#summary">back to summary</a></p>
<h3 id="m17">WalmartTest_Testcases.ShoppingCartpageTest#verifylogotest</h3><table class="result"><tr><th class="invisible"/></tr></table><p class="totop"><a href="#summary">back to summary</a></p>
</body>
</html>
