<?xml version="1.0" encoding="UTF-8"?>
<testng-results ignored="6" total="24" passed="16" failed="2" skipped="0">
  <reporter-output>
  </reporter-output>
  <suite started-at="2021-05-18T17:45:05Z" name="Walmart ecommerce Website Test Suite" finished-at="2021-05-18T17:51:51Z" duration-ms="406031">
    <groups>
    </groups>
    <test started-at="2021-05-18T17:45:05Z" name="Walmart Website Test Cases" finished-at="2021-05-18T17:51:51Z" duration-ms="406031">
      <class name="WalmartTest_Testcases.MyAccountpageTest">
        <test-method is-config="true" signature="setup()[pri:0, instance:WalmartTest_Testcases.MyAccountpageTest@4445629]" started-at="2021-05-18T17:48:46Z" name="setup" finished-at="2021-05-18T17:49:17Z" duration-ms="31159" status="PASS">
          <reporter-output>
          </reporter-output>
        </test-method> <!-- setup -->
        <test-method signature="getbannertexttest()[pri:0, instance:WalmartTest_Testcases.MyAccountpageTest@4445629]" started-at="2021-05-18T17:49:17Z" name="getbannertexttest" finished-at="2021-05-18T17:49:17Z" duration-ms="38" status="PASS">
          <reporter-output>
          </reporter-output>
        </test-method> <!-- getbannertexttest -->
        <test-method is-config="true" signature="teardown()[pri:0, instance:WalmartTest_Testcases.MyAccountpageTest@4445629]" started-at="2021-05-18T17:49:17Z" name="teardown" finished-at="2021-05-18T17:49:19Z" duration-ms="1951" status="PASS">
          <reporter-output>
          </reporter-output>
        </test-method> <!-- teardown -->
        <test-method is-config="true" signature="setup()[pri:0, instance:WalmartTest_Testcases.MyAccountpageTest@4445629]" started-at="2021-05-18T17:49:19Z" name="setup" finished-at="2021-05-18T17:49:48Z" duration-ms="29013" status="PASS">
          <reporter-output>
          </reporter-output>
        </test-method> <!-- setup -->
        <test-method signature="validatelogotest()[pri:0, instance:WalmartTest_Testcases.MyAccountpageTest@4445629]" started-at="2021-05-18T17:49:48Z" name="validatelogotest" finished-at="2021-05-18T17:49:48Z" duration-ms="111" status="PASS">
          <reporter-output>
          </reporter-output>
        </test-method> <!-- validatelogotest -->
        <test-method is-config="true" signature="teardown()[pri:0, instance:WalmartTest_Testcases.MyAccountpageTest@4445629]" started-at="2021-05-18T17:49:48Z" name="teardown" finished-at="2021-05-18T17:49:51Z" duration-ms="2547" status="PASS">
          <reporter-output>
          </reporter-output>
        </test-method> <!-- teardown -->
        <test-method is-config="true" signature="setup()[pri:0, instance:WalmartTest_Testcases.MyAccountpageTest@4445629]" started-at="2021-05-18T17:49:51Z" name="setup" finished-at="2021-05-18T17:50:10Z" duration-ms="19608" status="PASS">
          <reporter-output>
          </reporter-output>
        </test-method> <!-- setup -->
        <test-method signature="validatequicklinktest()[pri:0, instance:WalmartTest_Testcases.MyAccountpageTest@4445629]" started-at="2021-05-18T17:50:10Z" name="validatequicklinktest" finished-at="2021-05-18T17:50:10Z" duration-ms="55" status="PASS">
          <reporter-output>
          </reporter-output>
        </test-method> <!-- validatequicklinktest -->
        <test-method is-config="true" signature="teardown()[pri:0, instance:WalmartTest_Testcases.MyAccountpageTest@4445629]" started-at="2021-05-18T17:50:10Z" name="teardown" finished-at="2021-05-18T17:50:12Z" duration-ms="1793" status="PASS">
          <reporter-output>
          </reporter-output>
        </test-method> <!-- teardown -->
        <test-method is-config="true" signature="setup()[pri:0, instance:WalmartTest_Testcases.MyAccountpageTest@4445629]" started-at="2021-05-18T17:50:12Z" name="setup" finished-at="2021-05-18T17:50:35Z" duration-ms="22902" status="PASS">
          <reporter-output>
          </reporter-output>
        </test-method> <!-- setup -->
        <test-method signature="verifyshoppingbtn()[pri:0, instance:WalmartTest_Testcases.MyAccountpageTest@4445629]" started-at="2021-05-18T17:50:35Z" name="verifyshoppingbtn" finished-at="2021-05-18T17:50:35Z" duration-ms="67" status="PASS">
          <reporter-output>
          </reporter-output>
        </test-method> <!-- verifyshoppingbtn -->
        <test-method is-config="true" signature="teardown()[pri:0, instance:WalmartTest_Testcases.MyAccountpageTest@4445629]" started-at="2021-05-18T17:50:35Z" name="teardown" finished-at="2021-05-18T17:50:37Z" duration-ms="1865" status="PASS">
          <reporter-output>
          </reporter-output>
        </test-method> <!-- teardown -->
      </class> <!-- WalmartTest_Testcases.MyAccountpageTest -->
      <class name="WalmartTest_Testcases.CreateAccountpageTest">
        <test-method is-config="true" signature="setup()[pri:0, instance:WalmartTest_Testcases.CreateAccountpageTest@56a6d5a6]" started-at="2021-05-18T17:46:18Z" name="setup" finished-at="2021-05-18T17:46:31Z" duration-ms="12481" status="PASS">
          <reporter-output>
          </reporter-output>
        </test-method> <!-- setup -->
        <test-method signature="validatecreateaccount(java.lang.String, java.lang.String, java.lang.String, java.lang.String)[pri:0, instance:WalmartTest_Testcases.CreateAccountpageTest@56a6d5a6]" started-at="2021-05-18T17:46:31Z" name="validatecreateaccount" data-provider="getWalmartTestData" finished-at="2021-05-18T17:46:35Z" duration-ms="4372" status="PASS">
          <params>
            <param index="0">
              <value>
                <![CDATA[Grace]]>
              </value>
            </param>
            <param index="1">
              <value>
                <![CDATA[Thomson]]>
              </value>
            </param>
            <param index="2">
              <value>
                <![CDATA[gosain.niyati09@gmail.com]]>
              </value>
            </param>
            <param index="3">
              <value>
                <![CDATA[caricature10]]>
              </value>
            </param>
          </params>
          <reporter-output>
          </reporter-output>
        </test-method> <!-- validatecreateaccount -->
        <test-method is-config="true" signature="teardown()[pri:0, instance:WalmartTest_Testcases.CreateAccountpageTest@56a6d5a6]" started-at="2021-05-18T17:46:35Z" name="teardown" finished-at="2021-05-18T17:46:37Z" duration-ms="1876" status="PASS">
          <reporter-output>
          </reporter-output>
        </test-method> <!-- teardown -->
        <test-method is-config="true" signature="setup()[pri:0, instance:WalmartTest_Testcases.CreateAccountpageTest@56a6d5a6]" started-at="2021-05-18T17:46:37Z" name="setup" finished-at="2021-05-18T17:46:48Z" duration-ms="10747" status="PASS">
          <reporter-output>
          </reporter-output>
        </test-method> <!-- setup -->
        <test-method signature="validatecreateaccount(java.lang.String, java.lang.String, java.lang.String, java.lang.String)[pri:0, instance:WalmartTest_Testcases.CreateAccountpageTest@56a6d5a6]" started-at="2021-05-18T17:46:48Z" name="validatecreateaccount" data-provider="getWalmartTestData" finished-at="2021-05-18T17:46:53Z" duration-ms="5347" status="PASS">
          <params>
            <param index="0">
              <value>
                <![CDATA[Jake]]>
              </value>
            </param>
            <param index="1">
              <value>
                <![CDATA[Mathew]]>
              </value>
            </param>
            <param index="2">
              <value>
                <![CDATA[ggraphix26@mail.com]]>
              </value>
            </param>
            <param index="3">
              <value>
                <![CDATA[rajatgusain]]>
              </value>
            </param>
          </params>
          <reporter-output>
          </reporter-output>
        </test-method> <!-- validatecreateaccount -->
        <test-method is-config="true" signature="teardown()[pri:0, instance:WalmartTest_Testcases.CreateAccountpageTest@56a6d5a6]" started-at="2021-05-18T17:46:53Z" name="teardown" finished-at="2021-05-18T17:46:55Z" duration-ms="2027" status="PASS">
          <reporter-output>
          </reporter-output>
        </test-method> <!-- teardown -->
        <test-method is-config="true" signature="setup()[pri:0, instance:WalmartTest_Testcases.CreateAccountpageTest@56a6d5a6]" started-at="2021-05-18T17:46:55Z" name="setup" finished-at="2021-05-18T17:47:08Z" duration-ms="13110" status="PASS">
          <reporter-output>
          </reporter-output>
        </test-method> <!-- setup -->
        <test-method signature="validatecreateaccount(java.lang.String, java.lang.String, java.lang.String, java.lang.String)[pri:0, instance:WalmartTest_Testcases.CreateAccountpageTest@56a6d5a6]" started-at="2021-05-18T17:47:08Z" name="validatecreateaccount" data-provider="getWalmartTestData" finished-at="2021-05-18T17:47:12Z" duration-ms="4329" status="PASS">
          <params>
            <param index="0">
              <value>
                <![CDATA[sarah ]]>
              </value>
            </param>
            <param index="1">
              <value>
                <![CDATA[smith]]>
              </value>
            </param>
            <param index="2">
              <value>
                <![CDATA[sunnyroad100@gmail.com]]>
              </value>
            </param>
            <param index="3">
              <value>
                <![CDATA[sarah_smith10]]>
              </value>
            </param>
          </params>
          <reporter-output>
          </reporter-output>
        </test-method> <!-- validatecreateaccount -->
        <test-method is-config="true" signature="teardown()[pri:0, instance:WalmartTest_Testcases.CreateAccountpageTest@56a6d5a6]" started-at="2021-05-18T17:47:12Z" name="teardown" finished-at="2021-05-18T17:47:14Z" duration-ms="1791" status="PASS">
          <reporter-output>
          </reporter-output>
        </test-method> <!-- teardown -->
      </class> <!-- WalmartTest_Testcases.CreateAccountpageTest -->
      <class name="WalmartTest_Testcases.LoginpageTest">
        <test-method is-config="true" signature="setup()[pri:0, instance:WalmartTest_Testcases.LoginpageTest@33afa13b]" started-at="2021-05-18T17:51:30Z" name="setup" finished-at="2021-05-18T17:51:49Z" duration-ms="18178" status="PASS">
          <reporter-output>
          </reporter-output>
        </test-method> <!-- setup -->
        <test-method signature="loginpagetitletest()[pri:1, instance:WalmartTest_Testcases.LoginpageTest@33afa13b]" started-at="2021-05-18T17:51:49Z" name="loginpagetitletest" finished-at="2021-05-18T17:51:49Z" duration-ms="3" status="PASS">
          <reporter-output>
          </reporter-output>
        </test-method> <!-- loginpagetitletest -->
        <test-method is-config="true" signature="teardown()[pri:0, instance:WalmartTest_Testcases.LoginpageTest@33afa13b]" started-at="2021-05-18T17:51:49Z" name="teardown" finished-at="2021-05-18T17:51:51Z" duration-ms="2401" status="PASS">
          <reporter-output>
          </reporter-output>
        </test-method> <!-- teardown -->
      </class> <!-- WalmartTest_Testcases.LoginpageTest -->
      <class name="WalmartTest_Testcases.FlyerpageTest">
        <test-method is-config="true" signature="setup()[pri:0, instance:WalmartTest_Testcases.FlyerpageTest@45b9a632]" started-at="2021-05-18T17:50:37Z" name="setup" finished-at="2021-05-18T17:51:08Z" duration-ms="30681" status="PASS">
          <reporter-output>
          </reporter-output>
        </test-method> <!-- setup -->
        <test-method signature="selectflyertypetest()[pri:0, instance:WalmartTest_Testcases.FlyerpageTest@45b9a632]" started-at="2021-05-18T17:51:08Z" name="selectflyertypetest" finished-at="2021-05-18T17:51:28Z" duration-ms="20759" status="FAIL">
          <exception class="org.openqa.selenium.ElementNotInteractableException">
            <message>
              <![CDATA[Element <tr class="flyer_run_651587 clickable "> could not be scrolled into view
Build info: version: '3.141.59', revision: 'e82be7d358', time: '2018-11-14T08:17:03'
System info: host: 'DESKTOP-RL0VKOI', ip: '192.168.179.1', os.name: 'Windows 10', os.arch: 'amd64', os.version: '10.0', java.version: '15'
Driver info: org.openqa.selenium.firefox.FirefoxDriver
Capabilities {acceptInsecureCerts: true, browserName: firefox, browserVersion: 88.0.1, javascriptEnabled: true, moz:accessibilityChecks: false, moz:buildID: 20210504152106, moz:geckodriverVersion: 0.26.0, moz:headless: false, moz:processID: 1918548, moz:profile: C:\Users\User\AppData\Local..., moz:shutdownTimeout: 60000, moz:useNonSpecCompliantPointerOrigin: false, moz:webdriverClick: true, pageLoadStrategy: normal, platform: WINDOWS, platformName: WINDOWS, platformVersion: 10.0, rotatable: false, setWindowRect: true, strictFileInteractability: false, timeouts: {implicit: 0, pageLoad: 300000, script: 30000}, unhandledPromptBehavior: dismiss and notify}
Session ID: a28e935c-555c-44a3-b34a-16d84f9cc201]]>
            </message>
            <full-stacktrace>
              <![CDATA[org.openqa.selenium.ElementNotInteractableException: Element <tr class="flyer_run_651587 clickable "> could not be scrolled into view
Build info: version: '3.141.59', revision: 'e82be7d358', time: '2018-11-14T08:17:03'
System info: host: 'DESKTOP-RL0VKOI', ip: '192.168.179.1', os.name: 'Windows 10', os.arch: 'amd64', os.version: '10.0', java.version: '15'
Driver info: org.openqa.selenium.firefox.FirefoxDriver
Capabilities {acceptInsecureCerts: true, browserName: firefox, browserVersion: 88.0.1, javascriptEnabled: true, moz:accessibilityChecks: false, moz:buildID: 20210504152106, moz:geckodriverVersion: 0.26.0, moz:headless: false, moz:processID: 1918548, moz:profile: C:\Users\User\AppData\Local..., moz:shutdownTimeout: 60000, moz:useNonSpecCompliantPointerOrigin: false, moz:webdriverClick: true, pageLoadStrategy: normal, platform: WINDOWS, platformName: WINDOWS, platformVersion: 10.0, rotatable: false, setWindowRect: true, strictFileInteractability: false, timeouts: {implicit: 0, pageLoad: 300000, script: 30000}, unhandledPromptBehavior: dismiss and notify}
Session ID: a28e935c-555c-44a3-b34a-16d84f9cc201
at java.base/jdk.internal.reflect.NativeConstructorAccessorImpl.newInstance0(Native Method)
at java.base/jdk.internal.reflect.NativeConstructorAccessorImpl.newInstance(NativeConstructorAccessorImpl.java:64)
at java.base/jdk.internal.reflect.DelegatingConstructorAccessorImpl.newInstance(DelegatingConstructorAccessorImpl.java:45)
at java.base/java.lang.reflect.Constructor.newInstanceWithCaller(Constructor.java:500)
at java.base/java.lang.reflect.Constructor.newInstance(Constructor.java:481)
at org.openqa.selenium.remote.http.W3CHttpResponseCodec.createException(W3CHttpResponseCodec.java:187)
at org.openqa.selenium.remote.http.W3CHttpResponseCodec.decode(W3CHttpResponseCodec.java:122)
at org.openqa.selenium.remote.http.W3CHttpResponseCodec.decode(W3CHttpResponseCodec.java:49)
at org.openqa.selenium.remote.HttpCommandExecutor.execute(HttpCommandExecutor.java:158)
at org.openqa.selenium.remote.service.DriverCommandExecutor.execute(DriverCommandExecutor.java:83)
at org.openqa.selenium.remote.RemoteWebDriver.execute(RemoteWebDriver.java:552)
at org.openqa.selenium.remote.RemoteWebElement.execute(RemoteWebElement.java:285)
at org.openqa.selenium.remote.RemoteWebElement.click(RemoteWebElement.java:84)
at jdk.internal.reflect.GeneratedMethodAccessor2.invoke(Unknown Source)
at java.base/jdk.internal.reflect.DelegatingMethodAccessorImpl.invoke(DelegatingMethodAccessorImpl.java:43)
at java.base/java.lang.reflect.Method.invoke(Method.java:564)
at org.openqa.selenium.support.events.EventFiringWebDriver$EventFiringWebElement.lambda$new$0(EventFiringWebDriver.java:404)
at com.sun.proxy.$Proxy16.click(Unknown Source)
at org.openqa.selenium.support.events.EventFiringWebDriver$EventFiringWebElement.click(EventFiringWebDriver.java:417)
at jdk.internal.reflect.GeneratedMethodAccessor2.invoke(Unknown Source)
at java.base/jdk.internal.reflect.DelegatingMethodAccessorImpl.invoke(DelegatingMethodAccessorImpl.java:43)
at java.base/java.lang.reflect.Method.invoke(Method.java:564)
at org.openqa.selenium.support.pagefactory.internal.LocatingElementHandler.invoke(LocatingElementHandler.java:51)
at com.sun.proxy.$Proxy15.click(Unknown Source)
at WalmartTest_Pages.Flyerpage.selectflyertype(Flyerpage.java:73)
at WalmartTest_Testcases.FlyerpageTest.selectflyertypetest(FlyerpageTest.java:63)
at java.base/jdk.internal.reflect.NativeMethodAccessorImpl.invoke0(Native Method)
at java.base/jdk.internal.reflect.NativeMethodAccessorImpl.invoke(NativeMethodAccessorImpl.java:64)
at java.base/jdk.internal.reflect.DelegatingMethodAccessorImpl.invoke(DelegatingMethodAccessorImpl.java:43)
at java.base/java.lang.reflect.Method.invoke(Method.java:564)
at org.testng.internal.MethodInvocationHelper.invokeMethod(MethodInvocationHelper.java:124)
at org.testng.internal.Invoker.invokeMethod(Invoker.java:583)
at org.testng.internal.Invoker.invokeTestMethod(Invoker.java:719)
at org.testng.internal.Invoker.invokeTestMethods(Invoker.java:989)
at org.testng.internal.TestMethodWorker.invokeTestMethods(TestMethodWorker.java:125)
at org.testng.internal.TestMethodWorker.run(TestMethodWorker.java:109)
at org.testng.TestRunner.privateRun(TestRunner.java:648)
at org.testng.TestRunner.run(TestRunner.java:505)
at org.testng.SuiteRunner.runTest(SuiteRunner.java:455)
at org.testng.SuiteRunner.runSequentially(SuiteRunner.java:450)
at org.testng.SuiteRunner.privateRun(SuiteRunner.java:415)
at org.testng.SuiteRunner.run(SuiteRunner.java:364)
at org.testng.SuiteRunnerWorker.runSuite(SuiteRunnerWorker.java:52)
at org.testng.SuiteRunnerWorker.run(SuiteRunnerWorker.java:84)
at org.testng.TestNG.runSuitesSequentially(TestNG.java:1208)
at org.testng.TestNG.runSuitesLocally(TestNG.java:1137)
at org.testng.TestNG.runSuites(TestNG.java:1049)
at org.testng.TestNG.run(TestNG.java:1017)
at org.testng.remote.AbstractRemoteTestNG.run(AbstractRemoteTestNG.java:115)
at org.testng.remote.RemoteTestNG.initAndRun(RemoteTestNG.java:251)
at org.testng.remote.RemoteTestNG.main(RemoteTestNG.java:77)
]]>
            </full-stacktrace>
          </exception> <!-- org.openqa.selenium.ElementNotInteractableException -->
          <reporter-output>
          </reporter-output>
        </test-method> <!-- selectflyertypetest -->
        <test-method is-config="true" signature="teardown()[pri:0, instance:WalmartTest_Testcases.FlyerpageTest@45b9a632]" started-at="2021-05-18T17:51:28Z" name="teardown" finished-at="2021-05-18T17:51:30Z" duration-ms="1995" status="PASS">
          <reporter-output>
          </reporter-output>
        </test-method> <!-- teardown -->
      </class> <!-- WalmartTest_Testcases.FlyerpageTest -->
      <class name="WalmartTest_Testcases.DealspageTest">
        <test-method is-config="true" signature="setup()[pri:0, instance:WalmartTest_Testcases.DealspageTest@18ce0030]" started-at="2021-05-18T17:47:14Z" name="setup" finished-at="2021-05-18T17:47:30Z" duration-ms="15794" status="PASS">
          <reporter-output>
          </reporter-output>
        </test-method> <!-- setup -->
        <test-method signature="enteremailtest()[pri:0, instance:WalmartTest_Testcases.DealspageTest@18ce0030]" started-at="2021-05-18T17:47:30Z" name="enteremailtest" finished-at="2021-05-18T17:47:31Z" duration-ms="1347" status="PASS">
          <reporter-output>
          </reporter-output>
        </test-method> <!-- enteremailtest -->
        <test-method is-config="true" signature="teardown()[pri:0, instance:WalmartTest_Testcases.DealspageTest@18ce0030]" started-at="2021-05-18T17:47:31Z" name="teardown" finished-at="2021-05-18T17:47:34Z" duration-ms="2611" status="PASS">
          <reporter-output>
          </reporter-output>
        </test-method> <!-- teardown -->
        <test-method is-config="true" signature="setup()[pri:0, instance:WalmartTest_Testcases.DealspageTest@18ce0030]" started-at="2021-05-18T17:47:34Z" name="setup" finished-at="2021-05-18T17:47:51Z" duration-ms="16823" status="PASS">
          <reporter-output>
          </reporter-output>
        </test-method> <!-- setup -->
        <test-method signature="gethdealstexttest()[pri:0, instance:WalmartTest_Testcases.DealspageTest@18ce0030]" started-at="2021-05-18T17:47:51Z" name="gethdealstexttest" finished-at="2021-05-18T17:47:51Z" duration-ms="69" status="PASS">
          <reporter-output>
          </reporter-output>
        </test-method> <!-- gethdealstexttest -->
        <test-method is-config="true" signature="teardown()[pri:0, instance:WalmartTest_Testcases.DealspageTest@18ce0030]" started-at="2021-05-18T17:47:51Z" name="teardown" finished-at="2021-05-18T17:47:53Z" duration-ms="2012" status="PASS">
          <reporter-output>
          </reporter-output>
        </test-method> <!-- teardown -->
        <test-method is-config="true" signature="setup()[pri:0, instance:WalmartTest_Testcases.DealspageTest@18ce0030]" started-at="2021-05-18T17:47:53Z" name="setup" finished-at="2021-05-18T17:48:08Z" duration-ms="15450" status="PASS">
          <reporter-output>
          </reporter-output>
        </test-method> <!-- setup -->
        <test-method signature="gettitletest()[pri:0, instance:WalmartTest_Testcases.DealspageTest@18ce0030]" started-at="2021-05-18T17:48:08Z" name="gettitletest" finished-at="2021-05-18T17:48:08Z" duration-ms="10" status="PASS">
          <reporter-output>
          </reporter-output>
        </test-method> <!-- gettitletest -->
        <test-method is-config="true" signature="teardown()[pri:0, instance:WalmartTest_Testcases.DealspageTest@18ce0030]" started-at="2021-05-18T17:48:08Z" name="teardown" finished-at="2021-05-18T17:48:11Z" duration-ms="2634" status="PASS">
          <reporter-output>
          </reporter-output>
        </test-method> <!-- teardown -->
        <test-method is-config="true" signature="setup()[pri:0, instance:WalmartTest_Testcases.DealspageTest@18ce0030]" started-at="2021-05-18T17:48:11Z" name="setup" finished-at="2021-05-18T17:48:26Z" duration-ms="14819" status="PASS">
          <reporter-output>
          </reporter-output>
        </test-method> <!-- setup -->
        <test-method signature="validateapplianceslinktest()[pri:0, instance:WalmartTest_Testcases.DealspageTest@18ce0030]" started-at="2021-05-18T17:48:26Z" name="validateapplianceslinktest" finished-at="2021-05-18T17:48:26Z" duration-ms="35" status="PASS">
          <reporter-output>
          </reporter-output>
        </test-method> <!-- validateapplianceslinktest -->
        <test-method is-config="true" signature="teardown()[pri:0, instance:WalmartTest_Testcases.DealspageTest@18ce0030]" started-at="2021-05-18T17:48:26Z" name="teardown" finished-at="2021-05-18T17:48:28Z" duration-ms="2243" status="PASS">
          <reporter-output>
          </reporter-output>
        </test-method> <!-- teardown -->
        <test-method is-config="true" signature="setup()[pri:0, instance:WalmartTest_Testcases.DealspageTest@18ce0030]" started-at="2021-05-18T17:48:28Z" name="setup" finished-at="2021-05-18T17:48:43Z" duration-ms="15121" status="PASS">
          <reporter-output>
          </reporter-output>
        </test-method> <!-- setup -->
        <test-method signature="validatetoyslinktest()[pri:0, instance:WalmartTest_Testcases.DealspageTest@18ce0030]" started-at="2021-05-18T17:48:43Z" name="validatetoyslinktest" finished-at="2021-05-18T17:48:44Z" duration-ms="850" status="PASS">
          <reporter-output>
          </reporter-output>
        </test-method> <!-- validatetoyslinktest -->
        <test-method is-config="true" signature="teardown()[pri:0, instance:WalmartTest_Testcases.DealspageTest@18ce0030]" started-at="2021-05-18T17:48:44Z" name="teardown" finished-at="2021-05-18T17:48:46Z" duration-ms="1869" status="PASS">
          <reporter-output>
          </reporter-output>
        </test-method> <!-- teardown -->
      </class> <!-- WalmartTest_Testcases.DealspageTest -->
      <class name="WalmartTest_Testcases.ShoppingCartpageTest">
        <test-method is-config="true" signature="setup()[pri:0, instance:WalmartTest_Testcases.ShoppingCartpageTest@309e345f]" started-at="2021-05-18T17:45:26Z" name="setup" finished-at="2021-05-18T17:45:41Z" duration-ms="14272" status="PASS">
          <reporter-output>
          </reporter-output>
        </test-method> <!-- setup -->
        <test-method signature="screenshottest()[pri:0, instance:WalmartTest_Testcases.ShoppingCartpageTest@309e345f]" started-at="2021-05-18T17:45:41Z" name="screenshottest" finished-at="2021-05-18T17:45:41Z" duration-ms="181" status="PASS">
          <reporter-output>
          </reporter-output>
        </test-method> <!-- screenshottest -->
        <test-method is-config="true" signature="teardown()[pri:0, instance:WalmartTest_Testcases.ShoppingCartpageTest@309e345f]" started-at="2021-05-18T17:45:41Z" name="teardown" finished-at="2021-05-18T17:45:43Z" duration-ms="1968" status="PASS">
          <reporter-output>
          </reporter-output>
        </test-method> <!-- teardown -->
        <test-method is-config="true" signature="setup()[pri:0, instance:WalmartTest_Testcases.ShoppingCartpageTest@309e345f]" started-at="2021-05-18T17:45:43Z" name="setup" finished-at="2021-05-18T17:45:56Z" duration-ms="13573" status="PASS">
          <reporter-output>
          </reporter-output>
        </test-method> <!-- setup -->
        <test-method signature="verifycartpagetest()[pri:0, instance:WalmartTest_Testcases.ShoppingCartpageTest@309e345f]" started-at="2021-05-18T17:45:56Z" name="verifycartpagetest" finished-at="2021-05-18T17:45:56Z" duration-ms="10" status="FAIL">
          <exception class="java.lang.AssertionError">
            <message>
              <![CDATA[expected [Online Shopping Canada: Everyday Low Prices at Walmart.ca!] but found [Walmart Canada]]]>
            </message>
            <full-stacktrace>
              <![CDATA[java.lang.AssertionError: expected [Online Shopping Canada: Everyday Low Prices at Walmart.ca!] but found [Walmart Canada]
at org.testng.Assert.fail(Assert.java:96)
at org.testng.Assert.failNotEquals(Assert.java:776)
at org.testng.Assert.assertEqualsImpl(Assert.java:137)
at org.testng.Assert.assertEquals(Assert.java:118)
at org.testng.Assert.assertEquals(Assert.java:453)
at org.testng.Assert.assertEquals(Assert.java:463)
at WalmartTest_Testcases.ShoppingCartpageTest.verifycartpagetest(ShoppingCartpageTest.java:37)
at java.base/jdk.internal.reflect.NativeMethodAccessorImpl.invoke0(Native Method)
at java.base/jdk.internal.reflect.NativeMethodAccessorImpl.invoke(NativeMethodAccessorImpl.java:64)
at java.base/jdk.internal.reflect.DelegatingMethodAccessorImpl.invoke(DelegatingMethodAccessorImpl.java:43)
at java.base/java.lang.reflect.Method.invoke(Method.java:564)
at org.testng.internal.MethodInvocationHelper.invokeMethod(MethodInvocationHelper.java:124)
at org.testng.internal.Invoker.invokeMethod(Invoker.java:583)
at org.testng.internal.Invoker.invokeTestMethod(Invoker.java:719)
at org.testng.internal.Invoker.invokeTestMethods(Invoker.java:989)
at org.testng.internal.TestMethodWorker.invokeTestMethods(TestMethodWorker.java:125)
at org.testng.internal.TestMethodWorker.run(TestMethodWorker.java:109)
at org.testng.TestRunner.privateRun(TestRunner.java:648)
at org.testng.TestRunner.run(TestRunner.java:505)
at org.testng.SuiteRunner.runTest(SuiteRunner.java:455)
at org.testng.SuiteRunner.runSequentially(SuiteRunner.java:450)
at org.testng.SuiteRunner.privateRun(SuiteRunner.java:415)
at org.testng.SuiteRunner.run(SuiteRunner.java:364)
at org.testng.SuiteRunnerWorker.runSuite(SuiteRunnerWorker.java:52)
at org.testng.SuiteRunnerWorker.run(SuiteRunnerWorker.java:84)
at org.testng.TestNG.runSuitesSequentially(TestNG.java:1208)
at org.testng.TestNG.runSuitesLocally(TestNG.java:1137)
at org.testng.TestNG.runSuites(TestNG.java:1049)
at org.testng.TestNG.run(TestNG.java:1017)
at org.testng.remote.AbstractRemoteTestNG.run(AbstractRemoteTestNG.java:115)
at org.testng.remote.RemoteTestNG.initAndRun(RemoteTestNG.java:251)
at org.testng.remote.RemoteTestNG.main(RemoteTestNG.java:77)
]]>
            </full-stacktrace>
          </exception> <!-- java.lang.AssertionError -->
          <reporter-output>
          </reporter-output>
        </test-method> <!-- verifycartpagetest -->
        <test-method is-config="true" signature="teardown()[pri:0, instance:WalmartTest_Testcases.ShoppingCartpageTest@309e345f]" started-at="2021-05-18T17:45:56Z" name="teardown" finished-at="2021-05-18T17:45:58Z" duration-ms="1915" status="PASS">
          <reporter-output>
          </reporter-output>
        </test-method> <!-- teardown -->
        <test-method is-config="true" signature="setup()[pri:0, instance:WalmartTest_Testcases.ShoppingCartpageTest@309e345f]" started-at="2021-05-18T17:45:58Z" name="setup" finished-at="2021-05-18T17:46:13Z" duration-ms="14931" status="PASS">
          <reporter-output>
          </reporter-output>
        </test-method> <!-- setup -->
        <test-method signature="verifylogotest()[pri:0, instance:WalmartTest_Testcases.ShoppingCartpageTest@309e345f]" started-at="2021-05-18T17:46:13Z" name="verifylogotest" finished-at="2021-05-18T17:46:15Z" duration-ms="1399" status="PASS">
          <reporter-output>
          </reporter-output>
        </test-method> <!-- verifylogotest -->
        <test-method is-config="true" signature="teardown()[pri:0, instance:WalmartTest_Testcases.ShoppingCartpageTest@309e345f]" started-at="2021-05-18T17:46:15Z" name="teardown" finished-at="2021-05-18T17:46:17Z" duration-ms="2274" status="PASS">
          <reporter-output>
          </reporter-output>
        </test-method> <!-- teardown -->
      </class> <!-- WalmartTest_Testcases.ShoppingCartpageTest -->
      <class name="WalmartTest_Testcases.HomepageTest">
        <test-method is-config="true" signature="setup()[pri:0, instance:WalmartTest_Testcases.HomepageTest@47542153]" started-at="2021-05-18T17:45:05Z" name="setup" finished-at="2021-05-18T17:45:18Z" duration-ms="13074" status="PASS">
          <reporter-output>
          </reporter-output>
        </test-method> <!-- setup -->
        <test-method signature="openflyerpage()[pri:0, instance:WalmartTest_Testcases.HomepageTest@47542153]" started-at="2021-05-18T17:45:18Z" name="openflyerpage" finished-at="2021-05-18T17:45:24Z" duration-ms="6228" status="PASS">
          <reporter-output>
          </reporter-output>
        </test-method> <!-- openflyerpage -->
        <test-method is-config="true" signature="teardown()[pri:0, instance:WalmartTest_Testcases.HomepageTest@47542153]" started-at="2021-05-18T17:45:24Z" name="teardown" finished-at="2021-05-18T17:45:26Z" duration-ms="2105" status="PASS">
          <reporter-output>
          </reporter-output>
        </test-method> <!-- teardown -->
      </class> <!-- WalmartTest_Testcases.HomepageTest -->
    </test> <!-- Walmart Website Test Cases -->
  </suite> <!-- Walmart ecommerce Website Test Suite -->
</testng-results>
